Analysis & Synthesis report for CORE-RISC-V
Sun Aug 21 21:54:25 2022
Quartus Prime Version 20.1.0 Build 711 06/05/2020 SJ Lite Edition


---------------------
; Table of Contents ;
---------------------
  1. Legal Notice
  2. Analysis & Synthesis Summary
  3. Analysis & Synthesis Settings
  4. Parallel Compilation
  5. Analysis & Synthesis Messages



----------------
; Legal Notice ;
----------------
Copyright (C) 2020  Intel Corporation. All rights reserved.
Your use of Intel Corporation's design tools, logic functions 
and other software and tools, and any partner logic 
functions, and any output files from any of the foregoing 
(including device programming or simulation files), and any 
associated documentation or information are expressly subject 
to the terms and conditions of the Intel Program License 
Subscription Agreement, the Intel Quartus Prime License Agreement,
the Intel FPGA IP License Agreement, or other applicable license
agreement, including, without limitation, that your use is for
the sole purpose of programming logic devices manufactured by
Intel and sold by Intel or its authorized distributors.  Please
refer to the applicable agreement for further details, at
https://fpgasoftware.intel.com/eula.



+---------------------------------------------------------------------------+
; Analysis & Synthesis Summary                                              ;
+-----------------------------+---------------------------------------------+
; Analysis & Synthesis Status ; Failed - Sun Aug 21 21:54:25 2022           ;
; Quartus Prime Version       ; 20.1.0 Build 711 06/05/2020 SJ Lite Edition ;
; Revision Name               ; CORE-RISC-V                                 ;
; Top-level Entity Name       ; CORE                                        ;
; Family                      ; Cyclone V                                   ;
; Logic utilization (in ALMs) ; N/A until Partition Merge                   ;
; Total registers             ; N/A until Partition Merge                   ;
; Total pins                  ; N/A until Partition Merge                   ;
; Total virtual pins          ; N/A until Partition Merge                   ;
; Total block memory bits     ; N/A until Partition Merge                   ;
; Total PLLs                  ; N/A until Partition Merge                   ;
; Total DLLs                  ; N/A until Partition Merge                   ;
+-----------------------------+---------------------------------------------+


+---------------------------------------------------------------------------------------------------------------------------+
; Analysis & Synthesis Settings                                                                                             ;
+---------------------------------------------------------------------------------+--------------------+--------------------+
; Option                                                                          ; Setting            ; Default Value      ;
+---------------------------------------------------------------------------------+--------------------+--------------------+
; Device                                                                          ; 5CSEMA4U23C6       ;                    ;
; Top-level entity name                                                           ; CORE               ; CORE-RISC-V        ;
; Family name                                                                     ; Cyclone V          ; Cyclone V          ;
; Maximum processors allowed for parallel compilation                             ; All                ;                    ;
; Use smart compilation                                                           ; Off                ; Off                ;
; Enable parallel Assembler and Timing Analyzer during compilation                ; On                 ; On                 ;
; Enable compact report table                                                     ; Off                ; Off                ;
; Restructure Multiplexers                                                        ; Auto               ; Auto               ;
; MLAB Add Timing Constraints For Mixed-Port Feed-Through Mode Setting Don't Care ; Off                ; Off                ;
; Create Debugging Nodes for IP Cores                                             ; Off                ; Off                ;
; Preserve fewer node names                                                       ; On                 ; On                 ;
; Intel FPGA IP Evaluation Mode                                                   ; Enable             ; Enable             ;
; Verilog Version                                                                 ; Verilog_2001       ; Verilog_2001       ;
; VHDL Version                                                                    ; VHDL_1993          ; VHDL_1993          ;
; State Machine Processing                                                        ; Auto               ; Auto               ;
; Safe State Machine                                                              ; Off                ; Off                ;
; Extract Verilog State Machines                                                  ; On                 ; On                 ;
; Extract VHDL State Machines                                                     ; On                 ; On                 ;
; Ignore Verilog initial constructs                                               ; Off                ; Off                ;
; Iteration limit for constant Verilog loops                                      ; 5000               ; 5000               ;
; Iteration limit for non-constant Verilog loops                                  ; 250                ; 250                ;
; Add Pass-Through Logic to Inferred RAMs                                         ; On                 ; On                 ;
; Infer RAMs from Raw Logic                                                       ; On                 ; On                 ;
; Parallel Synthesis                                                              ; On                 ; On                 ;
; DSP Block Balancing                                                             ; Auto               ; Auto               ;
; NOT Gate Push-Back                                                              ; On                 ; On                 ;
; Power-Up Don't Care                                                             ; On                 ; On                 ;
; Remove Redundant Logic Cells                                                    ; Off                ; Off                ;
; Remove Duplicate Registers                                                      ; On                 ; On                 ;
; Ignore CARRY Buffers                                                            ; Off                ; Off                ;
; Ignore CASCADE Buffers                                                          ; Off                ; Off                ;
; Ignore GLOBAL Buffers                                                           ; Off                ; Off                ;
; Ignore ROW GLOBAL Buffers                                                       ; Off                ; Off                ;
; Ignore LCELL Buffers                                                            ; Off                ; Off                ;
; Ignore SOFT Buffers                                                             ; On                 ; On                 ;
; Limit AHDL Integers to 32 Bits                                                  ; Off                ; Off                ;
; Optimization Technique                                                          ; Balanced           ; Balanced           ;
; Carry Chain Length                                                              ; 70                 ; 70                 ;
; Auto Carry Chains                                                               ; On                 ; On                 ;
; Auto Open-Drain Pins                                                            ; On                 ; On                 ;
; Perform WYSIWYG Primitive Resynthesis                                           ; Off                ; Off                ;
; Auto ROM Replacement                                                            ; On                 ; On                 ;
; Auto RAM Replacement                                                            ; On                 ; On                 ;
; Auto DSP Block Replacement                                                      ; On                 ; On                 ;
; Auto Shift Register Replacement                                                 ; Auto               ; Auto               ;
; Allow Shift Register Merging across Hierarchies                                 ; Auto               ; Auto               ;
; Auto Clock Enable Replacement                                                   ; On                 ; On                 ;
; Strict RAM Replacement                                                          ; Off                ; Off                ;
; Allow Synchronous Control Signals                                               ; On                 ; On                 ;
; Force Use of Synchronous Clear Signals                                          ; Off                ; Off                ;
; Auto Resource Sharing                                                           ; Off                ; Off                ;
; Allow Any RAM Size For Recognition                                              ; Off                ; Off                ;
; Allow Any ROM Size For Recognition                                              ; Off                ; Off                ;
; Allow Any Shift Register Size For Recognition                                   ; Off                ; Off                ;
; Use LogicLock Constraints during Resource Balancing                             ; On                 ; On                 ;
; Ignore translate_off and synthesis_off directives                               ; Off                ; Off                ;
; Timing-Driven Synthesis                                                         ; On                 ; On                 ;
; Report Parameter Settings                                                       ; On                 ; On                 ;
; Report Source Assignments                                                       ; On                 ; On                 ;
; Report Connectivity Checks                                                      ; On                 ; On                 ;
; Ignore Maximum Fan-Out Assignments                                              ; Off                ; Off                ;
; Synchronization Register Chain Length                                           ; 3                  ; 3                  ;
; Power Optimization During Synthesis                                             ; Normal compilation ; Normal compilation ;
; HDL message level                                                               ; Level2             ; Level2             ;
; Suppress Register Optimization Related Messages                                 ; Off                ; Off                ;
; Number of Removed Registers Reported in Synthesis Report                        ; 5000               ; 5000               ;
; Number of Swept Nodes Reported in Synthesis Report                              ; 5000               ; 5000               ;
; Number of Inverted Registers Reported in Synthesis Report                       ; 100                ; 100                ;
; Clock MUX Protection                                                            ; On                 ; On                 ;
; Auto Gated Clock Conversion                                                     ; Off                ; Off                ;
; Block Design Naming                                                             ; Auto               ; Auto               ;
; SDC constraint protection                                                       ; Off                ; Off                ;
; Synthesis Effort                                                                ; Auto               ; Auto               ;
; Shift Register Replacement - Allow Asynchronous Clear Signal                    ; On                 ; On                 ;
; Pre-Mapping Resynthesis Optimization                                            ; Off                ; Off                ;
; Analysis & Synthesis Message Level                                              ; Medium             ; Medium             ;
; Disable Register Merging Across Hierarchies                                     ; Auto               ; Auto               ;
; Resource Aware Inference For Block RAM                                          ; On                 ; On                 ;
; Automatic Parallel Synthesis                                                    ; On                 ; On                 ;
; Partial Reconfiguration Bitstream ID                                            ; Off                ; Off                ;
+---------------------------------------------------------------------------------+--------------------+--------------------+


+------------------------------------------+
; Parallel Compilation                     ;
+----------------------------+-------------+
; Processors                 ; Number      ;
+----------------------------+-------------+
; Number detected on machine ; 8           ;
; Maximum allowed            ; 4           ;
;                            ;             ;
; Average used               ; 1.00        ;
; Maximum used               ; 1           ;
;                            ;             ;
; Usage by Processor         ; % Time Used ;
;     Processor 1            ; 100.0%      ;
+----------------------------+-------------+


+-------------------------------+
; Analysis & Synthesis Messages ;
+-------------------------------+
Info: *******************************************************************
Info: Running Quartus Prime Analysis & Synthesis
    Info: Version 20.1.0 Build 711 06/05/2020 SJ Lite Edition
    Info: Processing started: Sun Aug 21 21:54:18 2022
Info: Command: quartus_map --read_settings_files=on --write_settings_files=off CORE-RISC-V -c CORE-RISC-V
Info (20030): Parallel compilation is enabled and will use 4 of the 4 processors detected
Info (12021): Found 1 design units, including 1 entities, in source file /home/krisv/Documentos/maestria/Arquitectura/coffeebrain/risc-v-core/rtl/MCU.v
    Info (12023): Found entity 1: MCU File: /home/krisv/Documentos/maestria/Arquitectura/coffeebrain/risc-v-core/rtl/MCU.v Line: 22
Info (12021): Found 1 design units, including 1 entities, in source file /home/krisv/Documentos/maestria/Arquitectura/coffeebrain/risc-v-core/rtl/IDU.v
    Info (12023): Found entity 1: IDU File: /home/krisv/Documentos/maestria/Arquitectura/coffeebrain/risc-v-core/rtl/IDU.v Line: 22
Info (12021): Found 1 design units, including 1 entities, in source file /home/krisv/Documentos/maestria/Arquitectura/coffeebrain/risc-v-core/rtl/LSU.v
    Info (12023): Found entity 1: LSU File: /home/krisv/Documentos/maestria/Arquitectura/coffeebrain/risc-v-core/rtl/LSU.v Line: 22
Info (12021): Found 1 design units, including 1 entities, in source file /home/krisv/Documentos/maestria/Arquitectura/coffeebrain/risc-v-core/rtl/REG_FILE.v
    Info (12023): Found entity 1: REG_FILE File: /home/krisv/Documentos/maestria/Arquitectura/coffeebrain/risc-v-core/rtl/REG_FILE.v Line: 22
Error (10170): Verilog HDL syntax error at ALU.v(108) near text: "[";  expecting ";". Check for and fix any syntax errors that appear immediately before or at the specified keyword. The Intel FPGA Knowledge Database contains many articles with specific details on how to resolve this error. Visit the Knowledge Database at https://www.altera.com/support/support-resources/knowledge-base/search.html and search for this specific error message number. File: /home/krisv/Documentos/maestria/Arquitectura/coffeebrain/risc-v-core/rtl/ALU.v Line: 108
Error (10170): Verilog HDL syntax error at ALU.v(118) near text: ")";  expecting ":", or ",". Check for and fix any syntax errors that appear immediately before or at the specified keyword. The Intel FPGA Knowledge Database contains many articles with specific details on how to resolve this error. Visit the Knowledge Database at https://www.altera.com/support/support-resources/knowledge-base/search.html and search for this specific error message number. File: /home/krisv/Documentos/maestria/Arquitectura/coffeebrain/risc-v-core/rtl/ALU.v Line: 118
Error (10112): Ignored design unit "ALU" at ALU.v(22) due to previous errors File: /home/krisv/Documentos/maestria/Arquitectura/coffeebrain/risc-v-core/rtl/ALU.v Line: 22
Info (12021): Found 0 design units, including 0 entities, in source file /home/krisv/Documentos/maestria/Arquitectura/coffeebrain/risc-v-core/rtl/ALU.v
Info (12021): Found 1 design units, including 1 entities, in source file /home/krisv/Documentos/maestria/Arquitectura/coffeebrain/risc-v-core/rtl/REG_POS.v
    Info (12023): Found entity 1: REG_POS File: /home/krisv/Documentos/maestria/Arquitectura/coffeebrain/risc-v-core/rtl/REG_POS.v Line: 23
Info (12021): Found 1 design units, including 1 entities, in source file /home/krisv/Documentos/maestria/Arquitectura/coffeebrain/risc-v-core/rtl/DEMUX_1_32.v
    Info (12023): Found entity 1: DEMUX_1_32 File: /home/krisv/Documentos/maestria/Arquitectura/coffeebrain/risc-v-core/rtl/DEMUX_1_32.v Line: 22
Info (12021): Found 1 design units, including 1 entities, in source file /home/krisv/Documentos/maestria/Arquitectura/coffeebrain/risc-v-core/rtl/MUX_32_1.v
    Info (12023): Found entity 1: MUX_32_1 File: /home/krisv/Documentos/maestria/Arquitectura/coffeebrain/risc-v-core/rtl/MUX_32_1.v Line: 22
Info (12021): Found 1 design units, including 1 entities, in source file /home/krisv/Documentos/maestria/Arquitectura/coffeebrain/risc-v-core/rtl/REG_NEG.v
    Info (12023): Found entity 1: REG_NEG File: /home/krisv/Documentos/maestria/Arquitectura/coffeebrain/risc-v-core/rtl/REG_NEG.v Line: 23
Info (12021): Found 1 design units, including 1 entities, in source file /home/krisv/Documentos/maestria/Arquitectura/coffeebrain/risc-v-core/rtl/IMM_GEN.v
    Info (12023): Found entity 1: IMM_GEN File: /home/krisv/Documentos/maestria/Arquitectura/coffeebrain/risc-v-core/rtl/IMM_GEN.v Line: 22
Info (12021): Found 1 design units, including 1 entities, in source file /home/krisv/Documentos/maestria/Arquitectura/coffeebrain/risc-v-core/rtl/BRU.v
    Info (12023): Found entity 1: BRU File: /home/krisv/Documentos/maestria/Arquitectura/coffeebrain/risc-v-core/rtl/BRU.v Line: 22
Info (12021): Found 1 design units, including 1 entities, in source file /home/krisv/Documentos/maestria/Arquitectura/coffeebrain/risc-v-core/rtl/ACU.v
    Info (12023): Found entity 1: ACU File: /home/krisv/Documentos/maestria/Arquitectura/coffeebrain/risc-v-core/rtl/ACU.v Line: 22
Info (12021): Found 1 design units, including 1 entities, in source file /home/krisv/Documentos/maestria/Arquitectura/coffeebrain/risc-v-core/rtl/JCU.v
    Info (12023): Found entity 1: JCU File: /home/krisv/Documentos/maestria/Arquitectura/coffeebrain/risc-v-core/rtl/JCU.v Line: 22
Info (12021): Found 1 design units, including 1 entities, in source file /home/krisv/Documentos/maestria/Arquitectura/coffeebrain/risc-v-core/rtl/MUX_2_1.v
    Info (12023): Found entity 1: MUX_2_1 File: /home/krisv/Documentos/maestria/Arquitectura/coffeebrain/risc-v-core/rtl/MUX_2_1.v Line: 23
Info (12021): Found 1 design units, including 1 entities, in source file /home/krisv/Documentos/maestria/Arquitectura/coffeebrain/risc-v-core/rtl/MUX_4_1.v
    Info (12023): Found entity 1: MUX_4_1 File: /home/krisv/Documentos/maestria/Arquitectura/coffeebrain/risc-v-core/rtl/MUX_4_1.v Line: 22
Info (12021): Found 1 design units, including 1 entities, in source file /home/krisv/Documentos/maestria/Arquitectura/coffeebrain/risc-v-core/rtl/CORE.v
    Info (12023): Found entity 1: CORE File: /home/krisv/Documentos/maestria/Arquitectura/coffeebrain/risc-v-core/rtl/CORE.v Line: 22
Info (12021): Found 1 design units, including 1 entities, in source file /home/krisv/Documentos/maestria/Arquitectura/coffeebrain/risc-v-core/rtl/ADDER.v
    Info (12023): Found entity 1: ADDER File: /home/krisv/Documentos/maestria/Arquitectura/coffeebrain/risc-v-core/rtl/ADDER.v Line: 22
Info (12021): Found 1 design units, including 1 entities, in source file /home/krisv/Documentos/maestria/Arquitectura/coffeebrain/risc-v-core/rtl/AXI_RAM.v
    Info (12023): Found entity 1: AXI_RAM File: /home/krisv/Documentos/maestria/Arquitectura/coffeebrain/risc-v-core/rtl/AXI_RAM.v Line: 23
Error: Quartus Prime Analysis & Synthesis was unsuccessful. 3 errors, 0 warnings
    Error: Peak virtual memory: 411 megabytes
    Error: Processing ended: Sun Aug 21 21:54:25 2022
    Error: Elapsed time: 00:00:07
    Error: Total CPU time (on all processors): 00:00:20


